<?xml version="1.0" encoding="UTF-8"?>
<!-- Generated by org.testng.reporters.JUnitXMLReporter -->
<testsuite hostname="L079322" ignored="0" name="Default test" tests="3" failures="0" timestamp="07 May 2018 11:54:20 GMT" time="13.577" errors="0">
  <testcase name="agetTweet" time="6.191" classname="restAssauredFramework.TwitterAPI"/>
  <testcase name="bpostTweet" time="1.278" classname="restAssauredFramework.TwitterAPI"/>
  <testcase name="cdeleteTweet" time="5.964" classname="restAssauredFramework.TwitterAPI"/>
</testsuite> <!-- Default test -->
