<?xml version="1.0" encoding="UTF-8"?>
<!-- Generated by org.testng.reporters.JUnitXMLReporter -->
<testsuite hostname="L079322" ignored="0" name="Test" tests="2" failures="0" timestamp="07 May 2018 11:47:12 GMT" time="0.123" errors="0">
  <testcase name="@BeforeTest beforeTest" time="0.025" classname="restAssauredFramework.TwitterAPI">
    <failure type="java.io.FileNotFoundException" message="C:\Users\x173479\Desktop\My stuff\Selenium\Final\Code\restAssauredFramework\src\main\resourcesesources.properties (The filename, directory name, or volume label syntax is incorrect)">
      <![CDATA[java.io.FileNotFoundException: C:\Users\x173479\Desktop\My stuff\Selenium\Final\Code\restAssauredFramework\src\main\resources
esources.properties (The filename, directory name, or volume label syntax is incorrect)
at java.io.FileInputStream.open0(Native Method)
at java.io.FileInputStream.open(Unknown Source)
at java.io.FileInputStream.<init>(Unknown Source)
at java.io.FileInputStream.<init>(Unknown Source)
at restAssauredFramework.TwitterAPI.beforeTest(TwitterAPI.java:32)
... Removed 24 stack frames]]>
    </failure>
  </testcase> <!-- @BeforeTest beforeTest -->
  <testcase name="agetTweet" time="0.0" classname="restAssauredFramework.TwitterAPI">
    <skipped/>
  </testcase> <!-- agetTweet -->
  <testcase name="bpostTweet" time="0.0" classname="restAssauredFramework.TwitterAPI">
    <skipped/>
  </testcase> <!-- bpostTweet -->
</testsuite> <!-- Test -->
